8 GET /
8 GET /about
8 GET /
8 GET /
8 GET /
8 GET /
8 GET /
8 GET /index.html
8 GET /index.html
8 GET /index.html
8 GET /index.html
8 GET /index.html
8 GET /index.html
8 GET /index.html
8 GET /index.html
8 GET /index.html
8 GET /register
8 GET /register
8 GET /register
8 GET /register
8 GET /register
8 GET /register
8 GET /register
8 GET /register
8 GET /register
8 GET /register
8 GET /register
8 GET /register
8 GET /register
8 GET /register.html
8 GET /favicon.ico
8 GET /register?username=Patric&userage=12
8 GET /register
9 POST /user
9 POST /user
9 POST /user
